Determining if the pthread_create exist failed with the following output:
Change Dir: /home/reinier/turtlebot_ws/build/turtlebot3_description/CMakeFiles/CMakeTmp

Run Build Command:"/usr/bin/make" "cmTC_5c81a/fast"
/usr/bin/make -f CMakeFiles/cmTC_5c81a.dir/build.make CMakeFiles/cmTC_5c81a.dir/build
make[1]: Entering directory '/home/reinier/turtlebot_ws/build/turtlebot3_description/CMakeFiles/CMakeTmp'
Building C object CMakeFiles/cmTC_5c81a.dir/CheckSymbolExists.c.o
/usr/bin/cc     -o CMakeFiles/cmTC_5c81a.dir/CheckSymbolExists.c.o   -c /home/reinier/turtlebot_ws/build/turtlebot3_description/CMakeFiles/CMakeTmp/CheckSymbolExists.c
Linking C executable cmTC_5c81a
/usr/bin/cmake -E cmake_link_script CMakeFiles/cmTC_5c81a.dir/link.txt --verbose=1
/usr/bin/cc       CMakeFiles/cmTC_5c81a.dir/CheckSymbolExists.c.o  -o cmTC_5c81a -rdynamic 
CMakeFiles/cmTC_5c81a.dir/CheckSymbolExists.c.o: In function `main':
CheckSymbolExists.c:(.text+0x16): undefined reference to `pthread_create'
collect2: error: ld returned 1 exit status
CMakeFiles/cmTC_5c81a.dir/build.make:97: recipe for target 'cmTC_5c81a' failed
make[1]: *** [cmTC_5c81a] Error 1
make[1]: Leaving directory '/home/reinier/turtlebot_ws/build/turtlebot3_description/CMakeFiles/CMakeTmp'
Makefile:126: recipe for target 'cmTC_5c81a/fast' failed
make: *** [cmTC_5c81a/fast] Error 2

File /home/reinier/turtlebot_ws/build/turtlebot3_description/CMakeFiles/CMakeTmp/CheckSymbolExists.c:
/* */
#include <pthread.h>

int main(int argc, char** argv)
{
  (void)argv;
#ifndef pthread_create
  return ((int*)(&pthread_create))[argc];
#else
  (void)argc;
  return 0;
#endif
}

Determining if the function pthread_create exists in the pthreads failed with the following output:
Change Dir: /home/reinier/turtlebot_ws/build/turtlebot3_description/CMakeFiles/CMakeTmp

Run Build Command:"/usr/bin/make" "cmTC_621fb/fast"
/usr/bin/make -f CMakeFiles/cmTC_621fb.dir/build.make CMakeFiles/cmTC_621fb.dir/build
make[1]: Entering directory '/home/reinier/turtlebot_ws/build/turtlebot3_description/CMakeFiles/CMakeTmp'
Building C object CMakeFiles/cmTC_621fb.dir/CheckFunctionExists.c.o
/usr/bin/cc    -DCHECK_FUNCTION_EXISTS=pthread_create   -o CMakeFiles/cmTC_621fb.dir/CheckFunctionExists.c.o   -c /usr/share/cmake-3.5/Modules/CheckFunctionExists.c
Linking C executable cmTC_621fb
/usr/bin/cmake -E cmake_link_script CMakeFiles/cmTC_621fb.dir/link.txt --verbose=1
/usr/bin/cc   -DCHECK_FUNCTION_EXISTS=pthread_create    CMakeFiles/cmTC_621fb.dir/CheckFunctionExists.c.o  -o cmTC_621fb -rdynamic -lpthreads 
/usr/bin/ld: cannot find -lpthreads
collect2: error: ld returned 1 exit status
CMakeFiles/cmTC_621fb.dir/build.make:97: recipe for target 'cmTC_621fb' failed
make[1]: *** [cmTC_621fb] Error 1
make[1]: Leaving directory '/home/reinier/turtlebot_ws/build/turtlebot3_description/CMakeFiles/CMakeTmp'
Makefile:126: recipe for target 'cmTC_621fb/fast' failed
make: *** [cmTC_621fb/fast] Error 2


