Determining if the pthread_create exist failed with the following output:
Change Dir: /home/reinier/turtlebot_ws/build/catkin_tools_prebuild/CMakeFiles/CMakeTmp

Run Build Command:"/usr/bin/make" "cmTC_6eb26/fast"
/usr/bin/make -f CMakeFiles/cmTC_6eb26.dir/build.make CMakeFiles/cmTC_6eb26.dir/build
make[1]: Entering directory '/home/reinier/turtlebot_ws/build/catkin_tools_prebuild/CMakeFiles/CMakeTmp'
Building C object CMakeFiles/cmTC_6eb26.dir/CheckSymbolExists.c.o
/usr/bin/cc     -o CMakeFiles/cmTC_6eb26.dir/CheckSymbolExists.c.o   -c /home/reinier/turtlebot_ws/build/catkin_tools_prebuild/CMakeFiles/CMakeTmp/CheckSymbolExists.c
Linking C executable cmTC_6eb26
/usr/bin/cmake -E cmake_link_script CMakeFiles/cmTC_6eb26.dir/link.txt --verbose=1
/usr/bin/cc       CMakeFiles/cmTC_6eb26.dir/CheckSymbolExists.c.o  -o cmTC_6eb26 -rdynamic 
CMakeFiles/cmTC_6eb26.dir/CheckSymbolExists.c.o: In function `main':
CheckSymbolExists.c:(.text+0x16): undefined reference to `pthread_create'
collect2: error: ld returned 1 exit status
CMakeFiles/cmTC_6eb26.dir/build.make:97: recipe for target 'cmTC_6eb26' failed
make[1]: *** [cmTC_6eb26] Error 1
make[1]: Leaving directory '/home/reinier/turtlebot_ws/build/catkin_tools_prebuild/CMakeFiles/CMakeTmp'
Makefile:126: recipe for target 'cmTC_6eb26/fast' failed
make: *** [cmTC_6eb26/fast] Error 2

File /home/reinier/turtlebot_ws/build/catkin_tools_prebuild/CMakeFiles/CMakeTmp/CheckSymbolExists.c:
/* */
#include <pthread.h>

int main(int argc, char** argv)
{
  (void)argv;
#ifndef pthread_create
  return ((int*)(&pthread_create))[argc];
#else
  (void)argc;
  return 0;
#endif
}

Determining if the function pthread_create exists in the pthreads failed with the following output:
Change Dir: /home/reinier/turtlebot_ws/build/catkin_tools_prebuild/CMakeFiles/CMakeTmp

Run Build Command:"/usr/bin/make" "cmTC_40dbf/fast"
/usr/bin/make -f CMakeFiles/cmTC_40dbf.dir/build.make CMakeFiles/cmTC_40dbf.dir/build
make[1]: Entering directory '/home/reinier/turtlebot_ws/build/catkin_tools_prebuild/CMakeFiles/CMakeTmp'
Building C object CMakeFiles/cmTC_40dbf.dir/CheckFunctionExists.c.o
/usr/bin/cc    -DCHECK_FUNCTION_EXISTS=pthread_create   -o CMakeFiles/cmTC_40dbf.dir/CheckFunctionExists.c.o   -c /usr/share/cmake-3.5/Modules/CheckFunctionExists.c
Linking C executable cmTC_40dbf
/usr/bin/cmake -E cmake_link_script CMakeFiles/cmTC_40dbf.dir/link.txt --verbose=1
/usr/bin/cc   -DCHECK_FUNCTION_EXISTS=pthread_create    CMakeFiles/cmTC_40dbf.dir/CheckFunctionExists.c.o  -o cmTC_40dbf -rdynamic -lpthreads 
/usr/bin/ld: cannot find -lpthreads
collect2: error: ld returned 1 exit status
CMakeFiles/cmTC_40dbf.dir/build.make:97: recipe for target 'cmTC_40dbf' failed
make[1]: *** [cmTC_40dbf] Error 1
make[1]: Leaving directory '/home/reinier/turtlebot_ws/build/catkin_tools_prebuild/CMakeFiles/CMakeTmp'
Makefile:126: recipe for target 'cmTC_40dbf/fast' failed
make: *** [cmTC_40dbf/fast] Error 2


