Determining if the pthread_create exist failed with the following output:
Change Dir: /home/reinier/turtlebot_ws/build/turtlebot3_gazebo/CMakeFiles/CMakeTmp

Run Build Command:"/usr/bin/make" "cmTC_16bb1/fast"
/usr/bin/make -f CMakeFiles/cmTC_16bb1.dir/build.make CMakeFiles/cmTC_16bb1.dir/build
make[1]: Entering directory '/home/reinier/turtlebot_ws/build/turtlebot3_gazebo/CMakeFiles/CMakeTmp'
Building C object CMakeFiles/cmTC_16bb1.dir/CheckSymbolExists.c.o
/usr/bin/cc     -o CMakeFiles/cmTC_16bb1.dir/CheckSymbolExists.c.o   -c /home/reinier/turtlebot_ws/build/turtlebot3_gazebo/CMakeFiles/CMakeTmp/CheckSymbolExists.c
Linking C executable cmTC_16bb1
/usr/bin/cmake -E cmake_link_script CMakeFiles/cmTC_16bb1.dir/link.txt --verbose=1
/usr/bin/cc       CMakeFiles/cmTC_16bb1.dir/CheckSymbolExists.c.o  -o cmTC_16bb1 -rdynamic 
CMakeFiles/cmTC_16bb1.dir/CheckSymbolExists.c.o: In function `main':
CheckSymbolExists.c:(.text+0x16): undefined reference to `pthread_create'
collect2: error: ld returned 1 exit status
CMakeFiles/cmTC_16bb1.dir/build.make:97: recipe for target 'cmTC_16bb1' failed
make[1]: *** [cmTC_16bb1] Error 1
make[1]: Leaving directory '/home/reinier/turtlebot_ws/build/turtlebot3_gazebo/CMakeFiles/CMakeTmp'
Makefile:126: recipe for target 'cmTC_16bb1/fast' failed
make: *** [cmTC_16bb1/fast] Error 2

File /home/reinier/turtlebot_ws/build/turtlebot3_gazebo/CMakeFiles/CMakeTmp/CheckSymbolExists.c:
/* */
#include <pthread.h>

int main(int argc, char** argv)
{
  (void)argv;
#ifndef pthread_create
  return ((int*)(&pthread_create))[argc];
#else
  (void)argc;
  return 0;
#endif
}

Determining if the function pthread_create exists in the pthreads failed with the following output:
Change Dir: /home/reinier/turtlebot_ws/build/turtlebot3_gazebo/CMakeFiles/CMakeTmp

Run Build Command:"/usr/bin/make" "cmTC_d979c/fast"
/usr/bin/make -f CMakeFiles/cmTC_d979c.dir/build.make CMakeFiles/cmTC_d979c.dir/build
make[1]: Entering directory '/home/reinier/turtlebot_ws/build/turtlebot3_gazebo/CMakeFiles/CMakeTmp'
Building C object CMakeFiles/cmTC_d979c.dir/CheckFunctionExists.c.o
/usr/bin/cc    -DCHECK_FUNCTION_EXISTS=pthread_create   -o CMakeFiles/cmTC_d979c.dir/CheckFunctionExists.c.o   -c /usr/share/cmake-3.5/Modules/CheckFunctionExists.c
Linking C executable cmTC_d979c
/usr/bin/cmake -E cmake_link_script CMakeFiles/cmTC_d979c.dir/link.txt --verbose=1
/usr/bin/cc   -DCHECK_FUNCTION_EXISTS=pthread_create    CMakeFiles/cmTC_d979c.dir/CheckFunctionExists.c.o  -o cmTC_d979c -rdynamic -lpthreads 
/usr/bin/ld: cannot find -lpthreads
collect2: error: ld returned 1 exit status
CMakeFiles/cmTC_d979c.dir/build.make:97: recipe for target 'cmTC_d979c' failed
make[1]: *** [cmTC_d979c] Error 1
make[1]: Leaving directory '/home/reinier/turtlebot_ws/build/turtlebot3_gazebo/CMakeFiles/CMakeTmp'
Makefile:126: recipe for target 'cmTC_d979c/fast' failed
make: *** [cmTC_d979c/fast] Error 2


